C:\USERS\WOODS\DOCUMENTS\VISUAL STUDIO 2012\PROJECTS\OPENCVPROJECT\OPENCVSERVER\X64\RELEASE\OPENCVSERVER.PCH
C:\USERS\WOODS\DOCUMENTS\VISUAL STUDIO 2012\PROJECTS\OPENCVPROJECT\OPENCVSERVER\X64\RELEASE\STDAFX.OBJ
C:\USERS\WOODS\DOCUMENTS\VISUAL STUDIO 2012\PROJECTS\OPENCVPROJECT\OPENCVSERVER\X64\RELEASE\VC110.PDB
C:\USERS\WOODS\DOCUMENTS\VISUAL STUDIO 2012\PROJECTS\OPENCVPROJECT\OPENCVSERVER\X64\RELEASE\OPENCVPROJECTSERVER.OBJ
C:\USERS\WOODS\DOCUMENTS\VISUAL STUDIO 2012\PROJECTS\OPENCVPROJECT\X64\RELEASE\OPENCVSERVER.EXE
C:\USERS\WOODS\DOCUMENTS\VISUAL STUDIO 2012\PROJECTS\OPENCVPROJECT\X64\RELEASE\OPENCVSERVER.PDB
C:\Users\Woods\Documents\Visual Studio 2012\Projects\OpenCVProject\OpenCVServer\x64\Release\OpenCVProjectServer.obj
C:\Users\Woods\Documents\Visual Studio 2012\Projects\OpenCVProject\OpenCVServer\x64\Release\stdafx.obj
C:\Users\Woods\Documents\Visual Studio 2012\Projects\OpenCVProject\OpenCVServer\x64\Release\cl.command.1.tlog
C:\Users\Woods\Documents\Visual Studio 2012\Projects\OpenCVProject\OpenCVServer\x64\Release\CL.read.1.tlog
C:\Users\Woods\Documents\Visual Studio 2012\Projects\OpenCVProject\OpenCVServer\x64\Release\CL.write.1.tlog
C:\Users\Woods\Documents\Visual Studio 2012\Projects\OpenCVProject\OpenCVServer\x64\Release\link-cvtres.read.1.tlog
C:\Users\Woods\Documents\Visual Studio 2012\Projects\OpenCVProject\OpenCVServer\x64\Release\link-cvtres.write.1.tlog
C:\Users\Woods\Documents\Visual Studio 2012\Projects\OpenCVProject\OpenCVServer\x64\Release\link-rc.read.1.tlog
C:\Users\Woods\Documents\Visual Studio 2012\Projects\OpenCVProject\OpenCVServer\x64\Release\link-rc.write.1.tlog
C:\Users\Woods\Documents\Visual Studio 2012\Projects\OpenCVProject\OpenCVServer\x64\Release\link.command.1.tlog
C:\Users\Woods\Documents\Visual Studio 2012\Projects\OpenCVProject\OpenCVServer\x64\Release\link.read.1.tlog
C:\Users\Woods\Documents\Visual Studio 2012\Projects\OpenCVProject\OpenCVServer\x64\Release\link.write.1.tlog
C:\Users\Woods\Documents\Visual Studio 2012\Projects\OpenCVProject\OpenCVServer\x64\Release\OpenCVServer.pch
C:\Users\Woods\Documents\Visual Studio 2012\Projects\OpenCVProject\OpenCVServer\x64\Release\vc110.pdb
C:\Users\Woods\Documents\Visual Studio 2012\Projects\OpenCVProject\x64\Release\OpenCVServer.pdb
C:\Users\Woods\Documents\Visual Studio 2012\Projects\OpenCVProject\x64\Release\OpenCVServer.exe
