C:\USERS\WOODS\DOCUMENTS\VISUAL STUDIO 2012\PROJECTS\OPENCVPROJECT\OPENCVPROJECT\DEBUG\OPENCVPROJECT.PCH
C:\USERS\WOODS\DOCUMENTS\VISUAL STUDIO 2012\PROJECTS\OPENCVPROJECT\OPENCVPROJECT\DEBUG\STDAFX.OBJ
C:\USERS\WOODS\DOCUMENTS\VISUAL STUDIO 2012\PROJECTS\OPENCVPROJECT\OPENCVPROJECT\DEBUG\VC110.PDB
C:\USERS\WOODS\DOCUMENTS\VISUAL STUDIO 2012\PROJECTS\OPENCVPROJECT\OPENCVPROJECT\DEBUG\OPENCVPROJECT.OBJ
C:\Users\Woods\documents\visual studio 2012\Projects\OpenCVProject\OpenCVProject\Debug\OpenCVProject.obj
C:\Users\Woods\documents\visual studio 2012\Projects\OpenCVProject\OpenCVProject\Debug\stdafx.obj
C:\Users\Woods\documents\visual studio 2012\Projects\OpenCVProject\OpenCVProject\Debug\cl.command.1.tlog
C:\Users\Woods\documents\visual studio 2012\Projects\OpenCVProject\OpenCVProject\Debug\CL.read.1.tlog
C:\Users\Woods\documents\visual studio 2012\Projects\OpenCVProject\OpenCVProject\Debug\CL.write.1.tlog
C:\Users\Woods\documents\visual studio 2012\Projects\OpenCVProject\OpenCVProject\Debug\link-cvtres.read.1.tlog
C:\Users\Woods\documents\visual studio 2012\Projects\OpenCVProject\OpenCVProject\Debug\link-cvtres.write.1.tlog
C:\Users\Woods\documents\visual studio 2012\Projects\OpenCVProject\OpenCVProject\Debug\link-rc.read.1.tlog
C:\Users\Woods\documents\visual studio 2012\Projects\OpenCVProject\OpenCVProject\Debug\link-rc.write.1.tlog
C:\Users\Woods\documents\visual studio 2012\Projects\OpenCVProject\OpenCVProject\Debug\link.2160-cvtres.read.1.tlog
C:\Users\Woods\documents\visual studio 2012\Projects\OpenCVProject\OpenCVProject\Debug\link.2160-cvtres.write.1.tlog
C:\Users\Woods\documents\visual studio 2012\Projects\OpenCVProject\OpenCVProject\Debug\link.2160-rc.read.1.tlog
C:\Users\Woods\documents\visual studio 2012\Projects\OpenCVProject\OpenCVProject\Debug\link.2160-rc.write.1.tlog
C:\Users\Woods\documents\visual studio 2012\Projects\OpenCVProject\OpenCVProject\Debug\link.2160.read.1.tlog
C:\Users\Woods\documents\visual studio 2012\Projects\OpenCVProject\OpenCVProject\Debug\link.2160.write.1.tlog
C:\Users\Woods\documents\visual studio 2012\Projects\OpenCVProject\OpenCVProject\Debug\link.command.1.tlog
C:\Users\Woods\documents\visual studio 2012\Projects\OpenCVProject\OpenCVProject\Debug\link.read.1.tlog
C:\Users\Woods\documents\visual studio 2012\Projects\OpenCVProject\OpenCVProject\Debug\link.write.1.tlog
C:\Users\Woods\documents\visual studio 2012\Projects\OpenCVProject\OpenCVProject\Debug\OpenCVProject.pch
C:\Users\Woods\documents\visual studio 2012\Projects\OpenCVProject\OpenCVProject\Debug\vc110.idb
C:\Users\Woods\documents\visual studio 2012\Projects\OpenCVProject\OpenCVProject\Debug\vc110.pdb
