C:\USERS\WOODS\DOCUMENTS\VISUAL STUDIO 2012\PROJECTS\OPENCVPROJECT\OPENCVPROJECT\X64\DEBUG\OPENCVPROJECT.PCH
C:\USERS\WOODS\DOCUMENTS\VISUAL STUDIO 2012\PROJECTS\OPENCVPROJECT\OPENCVPROJECT\X64\DEBUG\STDAFX.OBJ
C:\USERS\WOODS\DOCUMENTS\VISUAL STUDIO 2012\PROJECTS\OPENCVPROJECT\OPENCVPROJECT\X64\DEBUG\VC110.PDB
C:\USERS\WOODS\DOCUMENTS\VISUAL STUDIO 2012\PROJECTS\OPENCVPROJECT\OPENCVPROJECT\X64\DEBUG\OPENCVPROJECT.OBJ
C:\USERS\WOODS\DOCUMENTS\VISUAL STUDIO 2012\PROJECTS\OPENCVPROJECT\X64\DEBUG\OPENCVPROJECT.ILK
C:\USERS\WOODS\DOCUMENTS\VISUAL STUDIO 2012\PROJECTS\OPENCVPROJECT\X64\DEBUG\OPENCVPROJECT.EXE
C:\USERS\WOODS\DOCUMENTS\VISUAL STUDIO 2012\PROJECTS\OPENCVPROJECT\X64\DEBUG\OPENCVPROJECT.PDB
C:\Users\Woods\documents\visual studio 2012\Projects\OpenCVProject\OpenCVProject\x64\Debug\OpenCVProject.obj
C:\Users\Woods\documents\visual studio 2012\Projects\OpenCVProject\OpenCVProject\x64\Debug\stdafx.obj
C:\Users\Woods\documents\visual studio 2012\Projects\OpenCVProject\OpenCVProject\x64\Debug\cl.command.1.tlog
C:\Users\Woods\documents\visual studio 2012\Projects\OpenCVProject\OpenCVProject\x64\Debug\CL.read.1.tlog
C:\Users\Woods\documents\visual studio 2012\Projects\OpenCVProject\OpenCVProject\x64\Debug\CL.write.1.tlog
C:\Users\Woods\documents\visual studio 2012\Projects\OpenCVProject\OpenCVProject\x64\Debug\link-cvtres.read.1.tlog
C:\Users\Woods\documents\visual studio 2012\Projects\OpenCVProject\OpenCVProject\x64\Debug\link-cvtres.write.1.tlog
C:\Users\Woods\documents\visual studio 2012\Projects\OpenCVProject\OpenCVProject\x64\Debug\link-rc.read.1.tlog
C:\Users\Woods\documents\visual studio 2012\Projects\OpenCVProject\OpenCVProject\x64\Debug\link-rc.write.1.tlog
C:\Users\Woods\documents\visual studio 2012\Projects\OpenCVProject\OpenCVProject\x64\Debug\link.command.1.tlog
C:\Users\Woods\documents\visual studio 2012\Projects\OpenCVProject\OpenCVProject\x64\Debug\link.read.1.tlog
C:\Users\Woods\documents\visual studio 2012\Projects\OpenCVProject\OpenCVProject\x64\Debug\link.write.1.tlog
C:\Users\Woods\documents\visual studio 2012\Projects\OpenCVProject\OpenCVProject\x64\Debug\OpenCVProject.pch
C:\Users\Woods\documents\visual studio 2012\Projects\OpenCVProject\OpenCVProject\x64\Debug\vc110.idb
C:\Users\Woods\documents\visual studio 2012\Projects\OpenCVProject\OpenCVProject\x64\Debug\vc110.pdb
C:\Users\Woods\documents\visual studio 2012\Projects\OpenCVProject\x64\Debug\OpenCVProject.pdb
C:\Users\Woods\documents\visual studio 2012\Projects\OpenCVProject\x64\Debug\OpenCVProject.exe
C:\Users\Woods\documents\visual studio 2012\Projects\OpenCVProject\x64\Debug\OpenCVProject.ilk
