C:\USERS\WOODS\DOCUMENTS\VISUAL STUDIO 2012\PROJECTS\OPENCVPROJECT\OPENCVSERVER\X64\DEBUG\OPENCVSERVER.PCH
C:\USERS\WOODS\DOCUMENTS\VISUAL STUDIO 2012\PROJECTS\OPENCVPROJECT\OPENCVSERVER\X64\DEBUG\STDAFX.OBJ
C:\USERS\WOODS\DOCUMENTS\VISUAL STUDIO 2012\PROJECTS\OPENCVPROJECT\OPENCVSERVER\X64\DEBUG\VC110.PDB
C:\USERS\WOODS\DOCUMENTS\VISUAL STUDIO 2012\PROJECTS\OPENCVPROJECT\OPENCVSERVER\X64\DEBUG\OPENCVPROJECTSERVER.OBJ
C:\USERS\WOODS\DOCUMENTS\VISUAL STUDIO 2012\PROJECTS\OPENCVPROJECT\X64\DEBUG\OPENCVSERVER.ILK
C:\USERS\WOODS\DOCUMENTS\VISUAL STUDIO 2012\PROJECTS\OPENCVPROJECT\X64\DEBUG\OPENCVSERVER.EXE
C:\USERS\WOODS\DOCUMENTS\VISUAL STUDIO 2012\PROJECTS\OPENCVPROJECT\X64\DEBUG\OPENCVSERVER.PDB
C:\Users\Woods\documents\visual studio 2012\Projects\OpenCVProject\OpenCVServer\x64\Debug\OpenCVProjectServer.obj
C:\Users\Woods\documents\visual studio 2012\Projects\OpenCVProject\OpenCVServer\x64\Debug\stdafx.obj
C:\Users\Woods\documents\visual studio 2012\Projects\OpenCVProject\OpenCVServer\x64\Debug\cl.command.1.tlog
C:\Users\Woods\documents\visual studio 2012\Projects\OpenCVProject\OpenCVServer\x64\Debug\CL.read.1.tlog
C:\Users\Woods\documents\visual studio 2012\Projects\OpenCVProject\OpenCVServer\x64\Debug\CL.write.1.tlog
C:\Users\Woods\documents\visual studio 2012\Projects\OpenCVProject\OpenCVServer\x64\Debug\link-cvtres.read.1.tlog
C:\Users\Woods\documents\visual studio 2012\Projects\OpenCVProject\OpenCVServer\x64\Debug\link-cvtres.write.1.tlog
C:\Users\Woods\documents\visual studio 2012\Projects\OpenCVProject\OpenCVServer\x64\Debug\link-rc.read.1.tlog
C:\Users\Woods\documents\visual studio 2012\Projects\OpenCVProject\OpenCVServer\x64\Debug\link-rc.write.1.tlog
C:\Users\Woods\documents\visual studio 2012\Projects\OpenCVProject\OpenCVServer\x64\Debug\link.3908-cvtres.read.1.tlog
C:\Users\Woods\documents\visual studio 2012\Projects\OpenCVProject\OpenCVServer\x64\Debug\link.3908-cvtres.write.1.tlog
C:\Users\Woods\documents\visual studio 2012\Projects\OpenCVProject\OpenCVServer\x64\Debug\link.3908-rc.read.1.tlog
C:\Users\Woods\documents\visual studio 2012\Projects\OpenCVProject\OpenCVServer\x64\Debug\link.3908-rc.write.1.tlog
C:\Users\Woods\documents\visual studio 2012\Projects\OpenCVProject\OpenCVServer\x64\Debug\link.3908.read.1.tlog
C:\Users\Woods\documents\visual studio 2012\Projects\OpenCVProject\OpenCVServer\x64\Debug\link.3908.write.1.tlog
C:\Users\Woods\documents\visual studio 2012\Projects\OpenCVProject\OpenCVServer\x64\Debug\link.3940-cvtres.read.1.tlog
C:\Users\Woods\documents\visual studio 2012\Projects\OpenCVProject\OpenCVServer\x64\Debug\link.3940-cvtres.write.1.tlog
C:\Users\Woods\documents\visual studio 2012\Projects\OpenCVProject\OpenCVServer\x64\Debug\link.3940-rc.read.1.tlog
C:\Users\Woods\documents\visual studio 2012\Projects\OpenCVProject\OpenCVServer\x64\Debug\link.3940-rc.write.1.tlog
C:\Users\Woods\documents\visual studio 2012\Projects\OpenCVProject\OpenCVServer\x64\Debug\link.3940.read.1.tlog
C:\Users\Woods\documents\visual studio 2012\Projects\OpenCVProject\OpenCVServer\x64\Debug\link.3940.write.1.tlog
C:\Users\Woods\documents\visual studio 2012\Projects\OpenCVProject\OpenCVServer\x64\Debug\link.4104-cvtres.read.1.tlog
C:\Users\Woods\documents\visual studio 2012\Projects\OpenCVProject\OpenCVServer\x64\Debug\link.4104-cvtres.write.1.tlog
C:\Users\Woods\documents\visual studio 2012\Projects\OpenCVProject\OpenCVServer\x64\Debug\link.4104-rc.read.1.tlog
C:\Users\Woods\documents\visual studio 2012\Projects\OpenCVProject\OpenCVServer\x64\Debug\link.4104-rc.write.1.tlog
C:\Users\Woods\documents\visual studio 2012\Projects\OpenCVProject\OpenCVServer\x64\Debug\link.4104.read.1.tlog
C:\Users\Woods\documents\visual studio 2012\Projects\OpenCVProject\OpenCVServer\x64\Debug\link.4104.write.1.tlog
C:\Users\Woods\documents\visual studio 2012\Projects\OpenCVProject\OpenCVServer\x64\Debug\link.command.1.tlog
C:\Users\Woods\documents\visual studio 2012\Projects\OpenCVProject\OpenCVServer\x64\Debug\link.read.1.tlog
C:\Users\Woods\documents\visual studio 2012\Projects\OpenCVProject\OpenCVServer\x64\Debug\link.write.1.tlog
C:\Users\Woods\documents\visual studio 2012\Projects\OpenCVProject\OpenCVServer\x64\Debug\OpenCVServer.pch
C:\Users\Woods\documents\visual studio 2012\Projects\OpenCVProject\OpenCVServer\x64\Debug\vc110.idb
C:\Users\Woods\documents\visual studio 2012\Projects\OpenCVProject\OpenCVServer\x64\Debug\vc110.pdb
C:\Users\Woods\documents\visual studio 2012\Projects\OpenCVProject\x64\Debug\OpenCVServer.pdb
C:\Users\Woods\documents\visual studio 2012\Projects\OpenCVProject\x64\Debug\OpenCVServer.exe
C:\Users\Woods\documents\visual studio 2012\Projects\OpenCVProject\x64\Debug\OpenCVServer.ilk
